app/build/outputs/logs/manifest-merger-debug-report.txt
-- Merging decision tree log ---
manifest
ADDED from src\main\AndroidManifest.xml:1:1-93:12
INJECTED from src\main\AndroidManifest.xml:1:1-93:12
INJECTED from src\main\AndroidManifest.xml:1:1-93:12
INJECTED from src\main\AndroidManifest.xml:1:1-93:12
MERGED from [com.android.support:appcompat-v7:19.1.0] AndroidManifest.xml:16:1-20:12
INJECTED from src\main\AndroidManifest.xml:1:1-93:12
INJECTED from src\main\AndroidManifest.xml:1:1-93:12
INJECTED from src\main\AndroidManifest.xml:1:1-93:12
	package
		ADDED from src\main\AndroidManifest.xml:2:5-30
		INJECTED from src\main\AndroidManifest.xml
		INJECTED from src\main\AndroidManifest.xml
	android:versionName
		ADDED from src\main\AndroidManifest.xml:4:5-32
		INJECTED from src\main\AndroidManifest.xml
		INJECTED from src\main\AndroidManifest.xml
	xmlns:android
		ADDED from src\main\AndroidManifest.xml:1:11-69
	android:versionCode
		ADDED from src\main\AndroidManifest.xml:3:5-29
		INJECTED from src\main\AndroidManifest.xml
		INJECTED from src\main\AndroidManifest.xml
uses-permission#android.permission.INTERNET
ADDED from src\main\AndroidManifest.xml:6:5-67
	android:name
		ADDED from src\main\AndroidManifest.xml:6:22-64
uses-permission#android.permission.ACCESS_NETWORK_STATE
ADDED from src\main\AndroidManifest.xml:7:5-79
	android:name
		ADDED from src\main\AndroidManifest.xml:7:22-76
uses-permission#android.permission.WRITE_EXTERNAL_STORAGE
ADDED from src\main\AndroidManifest.xml:8:5-81
	android:name
		ADDED from src\main\AndroidManifest.xml:8:22-78
uses-permission#android.permission.READ_EXTERNAL_STORAGE
ADDED from src\main\AndroidManifest.xml:9:5-80
	android:name
		ADDED from src\main\AndroidManifest.xml:9:22-77
application
ADDED from src\main\AndroidManifest.xml:12:5-91:19
MERGED from [com.android.support:appcompat-v7:19.1.0] AndroidManifest.xml:19:5-20
MERGED from [com.android.support:appcompat-v7:19.1.0] AndroidManifest.xml:19:5-20
	android:supportsRtl
		ADDED from src\main\AndroidManifest.xml:13:9-35
	android:label
		ADDED from src\main\AndroidManifest.xml:16:9-35
	android:icon
		ADDED from src\main\AndroidManifest.xml:15:9-45
	android:allowBackup
		ADDED from src\main\AndroidManifest.xml:14:9-35
	android:theme
		ADDED from src\main\AndroidManifest.xml:17:9-40
activity#br.com.vansact.MainApp
ADDED from src\main\AndroidManifest.xml:21:9-30:20
	android:label
		ADDED from src\main\AndroidManifest.xml:24:13-39
	android:name
		ADDED from src\main\AndroidManifest.xml:23:13-50
intent-filter#action:name:android.intent.action.MAIN+category:name:android.intent.category.LAUNCHER
ADDED from src\main\AndroidManifest.xml:25:13-29:29
action#android.intent.action.MAIN
ADDED from src\main\AndroidManifest.xml:26:17-69
	android:name
		ADDED from src\main\AndroidManifest.xml:26:25-66
category#android.intent.category.LAUNCHER
ADDED from src\main\AndroidManifest.xml:28:17-77
	android:name
		ADDED from src\main\AndroidManifest.xml:28:27-74
activity#br.com.vansact.AddItemShoppingList
ADDED from src\main\AndroidManifest.xml:31:9-39:20
	android:parentActivityName
		ADDED from src\main\AndroidManifest.xml:34:13-64
	android:label
		ADDED from src\main\AndroidManifest.xml:33:13-46
	android:name
		ADDED from src\main\AndroidManifest.xml:32:13-62
meta-data#android.support.PARENT_ACTIVITY
ADDED from src\main\AndroidManifest.xml:36:13-38:58
	android:value
		ADDED from src\main\AndroidManifest.xml:38:17-55
	android:name
		ADDED from src\main\AndroidManifest.xml:37:17-63
activity#br.com.vansact.ShoppingListImporter
ADDED from src\main\AndroidManifest.xml:41:9-72:20
	android:parentActivityName
		ADDED from src\main\AndroidManifest.xml:44:13-64
	android:label
		ADDED from src\main\AndroidManifest.xml:43:13-47
	android:name
		ADDED from src\main\AndroidManifest.xml:42:13-63
intent-filter#action:name:android.intent.action.VIEW+category:name:android.intent.category.BROWSABLE+category:name:android.intent.category.DEFAULT+data:mimeType:application/octet-stream
ADDED from src\main\AndroidManifest.xml:50:13-57:29
action#android.intent.action.VIEW
ADDED from src\main\AndroidManifest.xml:51:17-69
	android:name
		ADDED from src\main\AndroidManifest.xml:51:25-66
category#android.intent.category.DEFAULT
ADDED from src\main\AndroidManifest.xml:53:17-76
	android:name
		ADDED from src\main\AndroidManifest.xml:53:27-73
category#android.intent.category.BROWSABLE
ADDED from src\main\AndroidManifest.xml:54:17-78
	android:name
		ADDED from src\main\AndroidManifest.xml:54:27-75
data
ADDED from src\main\AndroidManifest.xml:56:17-69
	android:host
		ADDED from src\main\AndroidManifest.xml:68:23-39
	android:scheme
		ADDED from src\main\AndroidManifest.xml:67:23-44
	android:pathPattern
		ADDED from src\main\AndroidManifest.xml:70:23-53
	android:mimeType
		ADDED from src\main\AndroidManifest.xml:56:23-66
intent-filter#action:name:android.intent.action.EDIT+action:name:android.intent.action.VIEW+category:name:android.intent.category.BROWSABLE+category:name:android.intent.category.DEFAULT+data:host:*+data:mimeType:*/*+data:pathPattern:.*\\.slx+data:scheme:file
ADDED from src\main\AndroidManifest.xml:60:13-71:29
action#android.intent.action.EDIT
ADDED from src\main\AndroidManifest.xml:62:17-69
	android:name
		ADDED from src\main\AndroidManifest.xml:62:25-66
activity#br.com.vansprefs.UserPreferences
ADDED from src\main\AndroidManifest.xml:74:9-78:20
	android:label
		ADDED from src\main\AndroidManifest.xml:76:13-46
	android:name
		ADDED from src\main\AndroidManifest.xml:75:13-60
receiver#br.com.vansschedule.AlarmeNotificationShoppingList
ADDED from src\main\AndroidManifest.xml:80:9-88:20
	android:exported
		ADDED from src\main\AndroidManifest.xml:82:13-37
	android:name
		ADDED from src\main\AndroidManifest.xml:81:13-78
intent-filter#action:name:AlarmeNotificationShoppingList+category:name:android.intent.category.DEFAULT
ADDED from src\main\AndroidManifest.xml:83:13-87:29
action#AlarmeNotificationShoppingList
ADDED from src\main\AndroidManifest.xml:84:17-73
	android:name
		ADDED from src\main\AndroidManifest.xml:84:25-70
activity#com.google.android.gms.ads.AdActivity
ADDED from src\main\AndroidManifest.xml:89:9-90:124
	android:configChanges
		ADDED from src\main\AndroidManifest.xml:90:13-122
	android:name
		ADDED from src\main\AndroidManifest.xml:89:19-71
uses-sdk
INJECTED from src\main\AndroidManifest.xml reason: use-sdk injection requested
INJECTED from src\main\AndroidManifest.xml
INJECTED from src\main\AndroidManifest.xml
MERGED from [com.android.support:appcompat-v7:19.1.0] AndroidManifest.xml:18:5-42
MERGED from [com.android.support:appcompat-v7:19.1.0] AndroidManifest.xml:18:5-42
INJECTED from src\main\AndroidManifest.xml
INJECTED from src\main\AndroidManifest.xml
	android:targetSdkVersion
		INJECTED from src\main\AndroidManifest.xml
		ADDED from src\main\AndroidManifest.xml
		INJECTED from src\main\AndroidManifest.xml
	android:minSdkVersion
		INJECTED from src\main\AndroidManifest.xml
		ADDED from src\main\AndroidManifest.xml
		INJECTED from src\main\AndroidManifest.xml